05 Sep 2022 07:07:01,522 TestNG-tests-1 - Running test cases on env: null
05 Sep 2022 07:07:01,523 TestNG-tests-1 - browser name is : chrome
05 Sep 2022 07:07:01,524 TestNG-tests-1 - running test on chrome....
05 Sep 2022 07:07:01,524 TestNG-tests-1 - Running tests on chrome -- local
05 Sep 2022 07:07:02,005 TestNG-tests-1 - adding chrome options....
05 Sep 2022 07:07:07,458 TestNG-tests-1 - By locator is : By.id: input-password
05 Sep 2022 07:07:07,541 TestNG-tests-1 - By locator is : By.xpath: //input[@value='Login']
05 Sep 2022 07:07:08,366 TestNG-tests-1 - Couldn't find template in cache for "spark/spark.spa.ftl"("en_IN", UTF-8, parsed); will try to load it.
05 Sep 2022 07:07:08,367 TestNG-tests-1 - TemplateLoader.findTemplateSource("spark/spark.spa_en_IN.ftl"): Not found
05 Sep 2022 07:07:08,369 TestNG-tests-1 - TemplateLoader.findTemplateSource("spark/spark.spa_en.ftl"): Not found
05 Sep 2022 07:07:08,370 TestNG-tests-1 - TemplateLoader.findTemplateSource("spark/spark.spa.ftl"): Found
05 Sep 2022 07:07:08,370 TestNG-tests-1 - Loading template for "spark/spark.spa.ftl"("en_IN", UTF-8, parsed) from "jar:file:/Users/naveenautomationlabs/.m2/repository/com/aventstack/extentreports/5.0.8/extentreports-5.0.8.jar!/com/aventstack/extentreports/templates/spark/spark.spa.ftl"
05 Sep 2022 07:07:08,492 TestNG-tests-1 - Couldn't find template in cache for "commons/commons-variables.ftl"("en_IN", UTF-8, parsed); will try to load it.
05 Sep 2022 07:07:08,493 TestNG-tests-1 - TemplateLoader.findTemplateSource("commons/commons-variables_en_IN.ftl"): Not found
05 Sep 2022 07:07:08,493 TestNG-tests-1 - TemplateLoader.findTemplateSource("commons/commons-variables_en.ftl"): Not found
05 Sep 2022 07:07:08,493 TestNG-tests-1 - TemplateLoader.findTemplateSource("commons/commons-variables.ftl"): Found
05 Sep 2022 07:07:08,494 TestNG-tests-1 - Loading template for "commons/commons-variables.ftl"("en_IN", UTF-8, parsed) from "jar:file:/Users/naveenautomationlabs/.m2/repository/com/aventstack/extentreports/5.0.8/extentreports-5.0.8.jar!/com/aventstack/extentreports/templates/commons/commons-variables.ftl"
05 Sep 2022 07:07:08,617 TestNG-tests-1 - Couldn't find template in cache for "commons/commons-macros.ftl"("en_IN", UTF-8, parsed); will try to load it.
05 Sep 2022 07:07:08,617 TestNG-tests-1 - TemplateLoader.findTemplateSource("commons/commons-macros_en_IN.ftl"): Not found
05 Sep 2022 07:07:08,618 TestNG-tests-1 - TemplateLoader.findTemplateSource("commons/commons-macros_en.ftl"): Not found
05 Sep 2022 07:07:08,618 TestNG-tests-1 - TemplateLoader.findTemplateSource("commons/commons-macros.ftl"): Found
05 Sep 2022 07:07:08,618 TestNG-tests-1 - Loading template for "commons/commons-macros.ftl"("en_IN", UTF-8, parsed) from "jar:file:/Users/naveenautomationlabs/.m2/repository/com/aventstack/extentreports/5.0.8/extentreports-5.0.8.jar!/com/aventstack/extentreports/templates/commons/commons-macros.ftl"
05 Sep 2022 07:07:08,632 TestNG-tests-1 - Couldn't find template in cache for "spark/macros/attributes.ftl"("en_IN", UTF-8, parsed); will try to load it.
05 Sep 2022 07:07:08,632 TestNG-tests-1 - TemplateLoader.findTemplateSource("spark/macros/attributes_en_IN.ftl"): Not found
05 Sep 2022 07:07:08,632 TestNG-tests-1 - TemplateLoader.findTemplateSource("spark/macros/attributes_en.ftl"): Not found
05 Sep 2022 07:07:08,632 TestNG-tests-1 - TemplateLoader.findTemplateSource("spark/macros/attributes.ftl"): Found
05 Sep 2022 07:07:08,632 TestNG-tests-1 - Loading template for "spark/macros/attributes.ftl"("en_IN", UTF-8, parsed) from "jar:file:/Users/naveenautomationlabs/.m2/repository/com/aventstack/extentreports/5.0.8/extentreports-5.0.8.jar!/com/aventstack/extentreports/templates/spark/macros/attributes.ftl"
05 Sep 2022 07:07:08,633 TestNG-tests-1 - Couldn't find template in cache for "spark/macros/log.ftl"("en_IN", UTF-8, parsed); will try to load it.
05 Sep 2022 07:07:08,634 TestNG-tests-1 - TemplateLoader.findTemplateSource("spark/macros/log_en_IN.ftl"): Not found
05 Sep 2022 07:07:08,634 TestNG-tests-1 - TemplateLoader.findTemplateSource("spark/macros/log_en.ftl"): Not found
05 Sep 2022 07:07:08,634 TestNG-tests-1 - TemplateLoader.findTemplateSource("spark/macros/log.ftl"): Found
05 Sep 2022 07:07:08,634 TestNG-tests-1 - Loading template for "spark/macros/log.ftl"("en_IN", UTF-8, parsed) from "jar:file:/Users/naveenautomationlabs/.m2/repository/com/aventstack/extentreports/5.0.8/extentreports-5.0.8.jar!/com/aventstack/extentreports/templates/spark/macros/log.ftl"
05 Sep 2022 07:07:08,637 TestNG-tests-1 - Couldn't find template in cache for "spark/macros/recurse_nodes.ftl"("en_IN", UTF-8, parsed); will try to load it.
05 Sep 2022 07:07:08,637 TestNG-tests-1 - TemplateLoader.findTemplateSource("spark/macros/recurse_nodes_en_IN.ftl"): Not found
05 Sep 2022 07:07:08,637 TestNG-tests-1 - TemplateLoader.findTemplateSource("spark/macros/recurse_nodes_en.ftl"): Not found
05 Sep 2022 07:07:08,638 TestNG-tests-1 - TemplateLoader.findTemplateSource("spark/macros/recurse_nodes.ftl"): Found
05 Sep 2022 07:07:08,638 TestNG-tests-1 - Loading template for "spark/macros/recurse_nodes.ftl"("en_IN", UTF-8, parsed) from "jar:file:/Users/naveenautomationlabs/.m2/repository/com/aventstack/extentreports/5.0.8/extentreports-5.0.8.jar!/com/aventstack/extentreports/templates/spark/macros/recurse_nodes.ftl"
05 Sep 2022 07:07:08,640 TestNG-tests-1 - "spark/macros/log.ftl"("en_IN", UTF-8, parsed) cached copy not yet stale; using cached.
05 Sep 2022 07:07:08,640 TestNG-tests-1 - Couldn't find template in cache for "spark/macros/attr-common.ftl"("en_IN", UTF-8, parsed); will try to load it.
05 Sep 2022 07:07:08,640 TestNG-tests-1 - TemplateLoader.findTemplateSource("spark/macros/attr-common_en_IN.ftl"): Not found
05 Sep 2022 07:07:08,641 TestNG-tests-1 - TemplateLoader.findTemplateSource("spark/macros/attr-common_en.ftl"): Not found
05 Sep 2022 07:07:08,641 TestNG-tests-1 - TemplateLoader.findTemplateSource("spark/macros/attr-common.ftl"): Found
05 Sep 2022 07:07:08,641 TestNG-tests-1 - Loading template for "spark/macros/attr-common.ftl"("en_IN", UTF-8, parsed) from "jar:file:/Users/naveenautomationlabs/.m2/repository/com/aventstack/extentreports/5.0.8/extentreports-5.0.8.jar!/com/aventstack/extentreports/templates/spark/macros/attr-common.ftl"
05 Sep 2022 07:07:08,647 TestNG-tests-1 - Couldn't find template in cache for "spark/partials/head.ftl"("en_IN", UTF-8, parsed); will try to load it.
05 Sep 2022 07:07:08,647 TestNG-tests-1 - TemplateLoader.findTemplateSource("spark/partials/head_en_IN.ftl"): Not found
05 Sep 2022 07:07:08,647 TestNG-tests-1 - TemplateLoader.findTemplateSource("spark/partials/head_en.ftl"): Not found
05 Sep 2022 07:07:08,648 TestNG-tests-1 - TemplateLoader.findTemplateSource("spark/partials/head.ftl"): Found
05 Sep 2022 07:07:08,648 TestNG-tests-1 - Loading template for "spark/partials/head.ftl"("en_IN", UTF-8, parsed) from "jar:file:/Users/naveenautomationlabs/.m2/repository/com/aventstack/extentreports/5.0.8/extentreports-5.0.8.jar!/com/aventstack/extentreports/templates/spark/partials/head.ftl"
05 Sep 2022 07:07:08,650 TestNG-tests-1 - Couldn't find template in cache for "commons/commons-inject-css.ftl"("en_IN", UTF-8, parsed); will try to load it.
05 Sep 2022 07:07:08,651 TestNG-tests-1 - TemplateLoader.findTemplateSource("commons/commons-inject-css_en_IN.ftl"): Not found
05 Sep 2022 07:07:08,651 TestNG-tests-1 - TemplateLoader.findTemplateSource("commons/commons-inject-css_en.ftl"): Not found
05 Sep 2022 07:07:08,651 TestNG-tests-1 - TemplateLoader.findTemplateSource("commons/commons-inject-css.ftl"): Found
05 Sep 2022 07:07:08,651 TestNG-tests-1 - Loading template for "commons/commons-inject-css.ftl"("en_IN", UTF-8, parsed) from "jar:file:/Users/naveenautomationlabs/.m2/repository/com/aventstack/extentreports/5.0.8/extentreports-5.0.8.jar!/com/aventstack/extentreports/templates/commons/commons-inject-css.ftl"
05 Sep 2022 07:07:08,651 TestNG-tests-1 - Couldn't find template in cache for "spark/partials/navbar.ftl"("en_IN", UTF-8, parsed); will try to load it.
05 Sep 2022 07:07:08,652 TestNG-tests-1 - TemplateLoader.findTemplateSource("spark/partials/navbar_en_IN.ftl"): Not found
05 Sep 2022 07:07:08,652 TestNG-tests-1 - TemplateLoader.findTemplateSource("spark/partials/navbar_en.ftl"): Not found
05 Sep 2022 07:07:08,652 TestNG-tests-1 - TemplateLoader.findTemplateSource("spark/partials/navbar.ftl"): Found
05 Sep 2022 07:07:08,652 TestNG-tests-1 - Loading template for "spark/partials/navbar.ftl"("en_IN", UTF-8, parsed) from "jar:file:/Users/naveenautomationlabs/.m2/repository/com/aventstack/extentreports/5.0.8/extentreports-5.0.8.jar!/com/aventstack/extentreports/templates/spark/partials/navbar.ftl"
05 Sep 2022 07:07:08,658 TestNG-tests-1 - Couldn't find template in cache for "spark/partials/sidenav.ftl"("en_IN", UTF-8, parsed); will try to load it.
05 Sep 2022 07:07:08,658 TestNG-tests-1 - TemplateLoader.findTemplateSource("spark/partials/sidenav_en_IN.ftl"): Not found
05 Sep 2022 07:07:08,658 TestNG-tests-1 - TemplateLoader.findTemplateSource("spark/partials/sidenav_en.ftl"): Not found
05 Sep 2022 07:07:08,658 TestNG-tests-1 - TemplateLoader.findTemplateSource("spark/partials/sidenav.ftl"): Found
05 Sep 2022 07:07:08,658 TestNG-tests-1 - Loading template for "spark/partials/sidenav.ftl"("en_IN", UTF-8, parsed) from "jar:file:/Users/naveenautomationlabs/.m2/repository/com/aventstack/extentreports/5.0.8/extentreports-5.0.8.jar!/com/aventstack/extentreports/templates/spark/partials/sidenav.ftl"
05 Sep 2022 07:07:08,670 TestNG-tests-1 - Couldn't find template in cache for "spark/partials/test.ftl"("en_IN", UTF-8, parsed); will try to load it.
05 Sep 2022 07:07:08,671 TestNG-tests-1 - TemplateLoader.findTemplateSource("spark/partials/test_en_IN.ftl"): Not found
05 Sep 2022 07:07:08,671 TestNG-tests-1 - TemplateLoader.findTemplateSource("spark/partials/test_en.ftl"): Not found
05 Sep 2022 07:07:08,671 TestNG-tests-1 - TemplateLoader.findTemplateSource("spark/partials/test.ftl"): Found
05 Sep 2022 07:07:08,671 TestNG-tests-1 - Loading template for "spark/partials/test.ftl"("en_IN", UTF-8, parsed) from "jar:file:/Users/naveenautomationlabs/.m2/repository/com/aventstack/extentreports/5.0.8/extentreports-5.0.8.jar!/com/aventstack/extentreports/templates/spark/partials/test.ftl"
05 Sep 2022 07:07:08,687 TestNG-tests-1 - Couldn't find template in cache for "spark/partials/standard-content.ftl"("en_IN", UTF-8, parsed); will try to load it.
05 Sep 2022 07:07:08,687 TestNG-tests-1 - TemplateLoader.findTemplateSource("spark/partials/standard-content_en_IN.ftl"): Not found
05 Sep 2022 07:07:08,688 TestNG-tests-1 - TemplateLoader.findTemplateSource("spark/partials/standard-content_en.ftl"): Not found
05 Sep 2022 07:07:08,688 TestNG-tests-1 - TemplateLoader.findTemplateSource("spark/partials/standard-content.ftl"): Found
05 Sep 2022 07:07:08,688 TestNG-tests-1 - Loading template for "spark/partials/standard-content.ftl"("en_IN", UTF-8, parsed) from "jar:file:/Users/naveenautomationlabs/.m2/repository/com/aventstack/extentreports/5.0.8/extentreports-5.0.8.jar!/com/aventstack/extentreports/templates/spark/partials/standard-content.ftl"
05 Sep 2022 07:07:08,692 TestNG-tests-1 - "spark/partials/standard-content.ftl"("en_IN", UTF-8, parsed) cached copy not yet stale; using cached.
05 Sep 2022 07:07:08,693 TestNG-tests-1 - "spark/partials/standard-content.ftl"("en_IN", UTF-8, parsed) cached copy not yet stale; using cached.
05 Sep 2022 07:07:08,695 TestNG-tests-1 - "spark/partials/standard-content.ftl"("en_IN", UTF-8, parsed) cached copy not yet stale; using cached.
05 Sep 2022 07:07:08,695 TestNG-tests-1 - Couldn't find template in cache for "spark/partials/exception.ftl"("en_IN", UTF-8, parsed); will try to load it.
05 Sep 2022 07:07:08,696 TestNG-tests-1 - TemplateLoader.findTemplateSource("spark/partials/exception_en_IN.ftl"): Not found
05 Sep 2022 07:07:08,696 TestNG-tests-1 - TemplateLoader.findTemplateSource("spark/partials/exception_en.ftl"): Not found
05 Sep 2022 07:07:08,696 TestNG-tests-1 - TemplateLoader.findTemplateSource("spark/partials/exception.ftl"): Found
05 Sep 2022 07:07:08,696 TestNG-tests-1 - Loading template for "spark/partials/exception.ftl"("en_IN", UTF-8, parsed) from "jar:file:/Users/naveenautomationlabs/.m2/repository/com/aventstack/extentreports/5.0.8/extentreports-5.0.8.jar!/com/aventstack/extentreports/templates/spark/partials/exception.ftl"
05 Sep 2022 07:07:08,697 TestNG-tests-1 - Couldn't find template in cache for "spark/partials/category.ftl"("en_IN", UTF-8, parsed); will try to load it.
05 Sep 2022 07:07:08,697 TestNG-tests-1 - TemplateLoader.findTemplateSource("spark/partials/category_en_IN.ftl"): Not found
05 Sep 2022 07:07:08,697 TestNG-tests-1 - TemplateLoader.findTemplateSource("spark/partials/category_en.ftl"): Not found
05 Sep 2022 07:07:08,697 TestNG-tests-1 - TemplateLoader.findTemplateSource("spark/partials/category.ftl"): Found
05 Sep 2022 07:07:08,697 TestNG-tests-1 - Loading template for "spark/partials/category.ftl"("en_IN", UTF-8, parsed) from "jar:file:/Users/naveenautomationlabs/.m2/repository/com/aventstack/extentreports/5.0.8/extentreports-5.0.8.jar!/com/aventstack/extentreports/templates/spark/partials/category.ftl"
05 Sep 2022 07:07:08,700 TestNG-tests-1 - Couldn't find template in cache for "spark/partials/device.ftl"("en_IN", UTF-8, parsed); will try to load it.
05 Sep 2022 07:07:08,700 TestNG-tests-1 - TemplateLoader.findTemplateSource("spark/partials/device_en_IN.ftl"): Not found
05 Sep 2022 07:07:08,700 TestNG-tests-1 - TemplateLoader.findTemplateSource("spark/partials/device_en.ftl"): Not found
05 Sep 2022 07:07:08,700 TestNG-tests-1 - TemplateLoader.findTemplateSource("spark/partials/device.ftl"): Found
05 Sep 2022 07:07:08,700 TestNG-tests-1 - Loading template for "spark/partials/device.ftl"("en_IN", UTF-8, parsed) from "jar:file:/Users/naveenautomationlabs/.m2/repository/com/aventstack/extentreports/5.0.8/extentreports-5.0.8.jar!/com/aventstack/extentreports/templates/spark/partials/device.ftl"
05 Sep 2022 07:07:08,701 TestNG-tests-1 - Couldn't find template in cache for "spark/partials/author.ftl"("en_IN", UTF-8, parsed); will try to load it.
05 Sep 2022 07:07:08,701 TestNG-tests-1 - TemplateLoader.findTemplateSource("spark/partials/author_en_IN.ftl"): Not found
05 Sep 2022 07:07:08,702 TestNG-tests-1 - TemplateLoader.findTemplateSource("spark/partials/author_en.ftl"): Not found
05 Sep 2022 07:07:08,702 TestNG-tests-1 - TemplateLoader.findTemplateSource("spark/partials/author.ftl"): Found
05 Sep 2022 07:07:08,702 TestNG-tests-1 - Loading template for "spark/partials/author.ftl"("en_IN", UTF-8, parsed) from "jar:file:/Users/naveenautomationlabs/.m2/repository/com/aventstack/extentreports/5.0.8/extentreports-5.0.8.jar!/com/aventstack/extentreports/templates/spark/partials/author.ftl"
05 Sep 2022 07:07:08,702 TestNG-tests-1 - Couldn't find template in cache for "spark/partials/log.ftl"("en_IN", UTF-8, parsed); will try to load it.
05 Sep 2022 07:07:08,703 TestNG-tests-1 - TemplateLoader.findTemplateSource("spark/partials/log_en_IN.ftl"): Not found
05 Sep 2022 07:07:08,703 TestNG-tests-1 - TemplateLoader.findTemplateSource("spark/partials/log_en.ftl"): Not found
05 Sep 2022 07:07:08,703 TestNG-tests-1 - TemplateLoader.findTemplateSource("spark/partials/log.ftl"): Found
05 Sep 2022 07:07:08,703 TestNG-tests-1 - Loading template for "spark/partials/log.ftl"("en_IN", UTF-8, parsed) from "jar:file:/Users/naveenautomationlabs/.m2/repository/com/aventstack/extentreports/5.0.8/extentreports-5.0.8.jar!/com/aventstack/extentreports/templates/spark/partials/log.ftl"
05 Sep 2022 07:07:08,704 TestNG-tests-1 - Couldn't find template in cache for "spark/partials/dashboard.ftl"("en_IN", UTF-8, parsed); will try to load it.
05 Sep 2022 07:07:08,704 TestNG-tests-1 - TemplateLoader.findTemplateSource("spark/partials/dashboard_en_IN.ftl"): Not found
05 Sep 2022 07:07:08,704 TestNG-tests-1 - TemplateLoader.findTemplateSource("spark/partials/dashboard_en.ftl"): Not found
05 Sep 2022 07:07:08,704 TestNG-tests-1 - TemplateLoader.findTemplateSource("spark/partials/dashboard.ftl"): Found
05 Sep 2022 07:07:08,704 TestNG-tests-1 - Loading template for "spark/partials/dashboard.ftl"("en_IN", UTF-8, parsed) from "jar:file:/Users/naveenautomationlabs/.m2/repository/com/aventstack/extentreports/5.0.8/extentreports-5.0.8.jar!/com/aventstack/extentreports/templates/spark/partials/dashboard.ftl"
05 Sep 2022 07:07:08,733 TestNG-tests-1 - Couldn't find template in cache for "spark/partials/scripts.ftl"("en_IN", UTF-8, parsed); will try to load it.
05 Sep 2022 07:07:08,733 TestNG-tests-1 - TemplateLoader.findTemplateSource("spark/partials/scripts_en_IN.ftl"): Not found
05 Sep 2022 07:07:08,734 TestNG-tests-1 - TemplateLoader.findTemplateSource("spark/partials/scripts_en.ftl"): Not found
05 Sep 2022 07:07:08,734 TestNG-tests-1 - TemplateLoader.findTemplateSource("spark/partials/scripts.ftl"): Found
05 Sep 2022 07:07:08,734 TestNG-tests-1 - Loading template for "spark/partials/scripts.ftl"("en_IN", UTF-8, parsed) from "jar:file:/Users/naveenautomationlabs/.m2/repository/com/aventstack/extentreports/5.0.8/extentreports-5.0.8.jar!/com/aventstack/extentreports/templates/spark/partials/scripts.ftl"
05 Sep 2022 07:07:08,735 TestNG-tests-1 - Couldn't find template in cache for "commons/commons-inject-js.ftl"("en_IN", UTF-8, parsed); will try to load it.
05 Sep 2022 07:07:08,735 TestNG-tests-1 - TemplateLoader.findTemplateSource("commons/commons-inject-js_en_IN.ftl"): Not found
05 Sep 2022 07:07:08,735 TestNG-tests-1 - TemplateLoader.findTemplateSource("commons/commons-inject-js_en.ftl"): Not found
05 Sep 2022 07:07:08,735 TestNG-tests-1 - TemplateLoader.findTemplateSource("commons/commons-inject-js.ftl"): Found
05 Sep 2022 07:07:08,735 TestNG-tests-1 - Loading template for "commons/commons-inject-js.ftl"("en_IN", UTF-8, parsed) from "jar:file:/Users/naveenautomationlabs/.m2/repository/com/aventstack/extentreports/5.0.8/extentreports-5.0.8.jar!/com/aventstack/extentreports/templates/commons/commons-inject-js.ftl"
