19:13:41.484 [main] DEBUG com.TestCases.SignUpPageTest - Browser got launched
19:13:56.904 [main] DEBUG com.TestCases.SignUpPageTest - Navigated to application URL
19:13:58.160 [main] INFO  com.TestCases.SignUpPageTest - ****************************** Starting Test Case loginPageTitleTest *****************************************
19:26:32.000 [main] INFO  com.TestCases.SignUpPageTest - ****************************** Browser is launched *****************************************
19:26:32.165 [main] DEBUG com.TestCases.SignUpPageTest - Browser got launched
19:26:35.659 [main] DEBUG com.TestCases.SignUpPageTest - Navigated to application URL
19:26:36.811 [main] INFO  com.TestCases.SignUpPageTest - ****************************** Starting Test Case loginPageTitleTest *****************************************
19:26:38.634 [main] INFO  com.TestCases.SignUpPageTest - ****************************** Ending Test Case loginPageTitleTest *****************************************
19:26:44.864 [main] INFO  com.TestCases.SignUpPageTest - ****************************** Browser is launched *****************************************
19:26:44.864 [main] DEBUG com.TestCases.SignUpPageTest - Browser got launched
19:26:54.471 [main] DEBUG com.TestCases.SignUpPageTest - Navigated to application URL
19:28:24.001 [main] INFO  com.TestCases.SignUpPageTest - ****************************** Browser is launched *****************************************
19:28:24.008 [main] DEBUG com.TestCases.SignUpPageTest - Browser got launched
19:28:28.058 [main] DEBUG com.TestCases.SignUpPageTest - Navigated to application URL
19:28:29.227 [main] INFO  com.TestCases.SignUpPageTest - ****************************** Starting Test Case loginPageTitleTest *****************************************
19:28:30.277 [main] INFO  com.TestCases.SignUpPageTest - ****************************** Ending Test Case loginPageTitleTest *****************************************
19:28:36.989 [main] INFO  com.TestCases.SignUpPageTest - ****************************** Browser is launched *****************************************
19:28:36.989 [main] DEBUG com.TestCases.SignUpPageTest - Browser got launched
19:28:42.963 [main] DEBUG com.TestCases.SignUpPageTest - Navigated to application URL
19:28:44.030 [main] INFO  com.TestCases.SignUpPageTest - ****************************** Starting Test Case verifyCRMLogo *****************************************
19:33:31.422 [main] INFO  com.TestCases.SignUpPageTest - ****************************** Browser is launched *****************************************
19:33:31.427 [main] DEBUG com.TestCases.SignUpPageTest - Browser got launched
19:33:35.998 [main] DEBUG com.TestCases.SignUpPageTest - Navigated to application URL
19:33:37.038 [main] INFO  com.TestCases.SignUpPageTest - ****************************** Starting Test Case loginPageTitleTest *****************************************
19:33:40.700 [main] INFO  com.TestCases.SignUpPageTest - ****************************** Ending Test Case loginPageTitleTest *****************************************
19:33:46.052 [main] INFO  com.TestCases.SignUpPageTest - ****************************** Browser is launched *****************************************
19:33:46.052 [main] DEBUG com.TestCases.SignUpPageTest - Browser got launched
19:33:53.869 [main] DEBUG com.TestCases.SignUpPageTest - Navigated to application URL
19:34:29.064 [main] INFO  com.TestCases.SignUpPageTest - ****************************** Browser is launched *****************************************
19:34:29.069 [main] DEBUG com.TestCases.SignUpPageTest - Browser got launched
19:34:35.708 [main] DEBUG com.TestCases.SignUpPageTest - Navigated to application URL
19:34:44.472 [main] INFO  com.TestCases.SignUpPageTest - ****************************** Browser is launched *****************************************
19:34:44.472 [main] DEBUG com.TestCases.SignUpPageTest - Browser got launched
19:35:04.761 [main] INFO  com.TestCases.SignUpPageTest - ****************************** Browser is launched *****************************************
19:35:04.766 [main] DEBUG com.TestCases.SignUpPageTest - Browser got launched
19:35:08.765 [main] DEBUG com.TestCases.SignUpPageTest - Navigated to application URL
19:35:09.853 [main] INFO  com.TestCases.SignUpPageTest - ****************************** Starting Test Case loginPageTitleTest *****************************************
19:35:12.790 [main] INFO  com.TestCases.SignUpPageTest - ****************************** Ending Test Case loginPageTitleTest *****************************************
19:35:19.451 [main] INFO  com.TestCases.SignUpPageTest - ****************************** Browser is launched *****************************************
19:35:19.451 [main] DEBUG com.TestCases.SignUpPageTest - Browser got launched
19:35:24.433 [main] DEBUG com.TestCases.SignUpPageTest - Navigated to application URL
19:35:25.522 [main] INFO  com.TestCases.SignUpPageTest - ****************************** Starting Test Case verifyCRMLogo *****************************************
19:37:42.214 [main] INFO  com.TestCases.SignUpPageTest - ****************************** Browser is launched *****************************************
19:37:42.221 [main] DEBUG com.TestCases.SignUpPageTest - Browser got launched
19:37:47.048 [main] DEBUG com.TestCases.SignUpPageTest - Navigated to application URL
19:37:54.393 [main] INFO  com.TestCases.SignUpPageTest - ****************************** Browser is launched *****************************************
19:37:54.394 [main] DEBUG com.TestCases.SignUpPageTest - Browser got launched
19:38:03.433 [main] DEBUG com.TestCases.SignUpPageTest - Navigated to application URL
19:38:34.483 [main] INFO  com.TestCases.SignUpPageTest - ****************************** Browser is launched *****************************************
19:38:34.487 [main] DEBUG com.TestCases.SignUpPageTest - Browser got launched
19:38:39.864 [main] DEBUG com.TestCases.SignUpPageTest - Navigated to application URL
19:38:40.998 [main] INFO  com.TestCases.SignUpPageTest - ****************************** Starting Test Case loginPageTitleTest *****************************************
19:38:55.371 [main] INFO  com.TestCases.SignUpPageTest - ****************************** Ending Test Case loginPageTitleTest *****************************************
19:39:05.285 [main] INFO  com.TestCases.SignUpPageTest - ****************************** Browser is launched *****************************************
19:39:05.285 [main] DEBUG com.TestCases.SignUpPageTest - Browser got launched
19:39:29.116 [main] DEBUG com.TestCases.SignUpPageTest - Navigated to application URL
19:39:29.872 [main] INFO  com.TestCases.SignUpPageTest - ****************************** Starting Test Case verifyCRMLogo *****************************************
19:41:06.153 [main] INFO  com.TestCases.SignUpPageTest - ****************************** Browser is launched *****************************************
19:41:06.158 [main] DEBUG com.TestCases.SignUpPageTest - Browser got launched
19:41:10.411 [main] DEBUG com.TestCases.SignUpPageTest - Navigated to application URL
19:41:18.920 [main] INFO  com.TestCases.SignUpPageTest - ****************************** Browser is launched *****************************************
19:41:18.920 [main] DEBUG com.TestCases.SignUpPageTest - Browser got launched
19:41:23.316 [main] DEBUG com.TestCases.SignUpPageTest - Navigated to application URL
19:41:51.623 [main] INFO  com.TestCases.SignUpPageTest - ****************************** Browser is launched *****************************************
19:41:51.628 [main] DEBUG com.TestCases.SignUpPageTest - Browser got launched
19:42:01.608 [main] DEBUG com.TestCases.SignUpPageTest - Navigated to application URL
19:42:02.740 [main] INFO  com.TestCases.SignUpPageTest - ****************************** Starting Test Case loginPageTitleTest *****************************************
19:42:05.756 [main] INFO  com.TestCases.SignUpPageTest - ****************************** Ending Test Case loginPageTitleTest *****************************************
19:42:15.465 [main] INFO  com.TestCases.SignUpPageTest - ****************************** Browser is launched *****************************************
19:42:15.466 [main] DEBUG com.TestCases.SignUpPageTest - Browser got launched
19:42:25.188 [main] DEBUG com.TestCases.SignUpPageTest - Navigated to application URL
19:42:26.290 [main] INFO  com.TestCases.SignUpPageTest - ****************************** Starting Test Case verifyCRMLogo *****************************************
19:43:23.740 [main] INFO  com.TestCases.SignUpPageTest - ****************************** Browser is launched *****************************************
19:43:23.747 [main] DEBUG com.TestCases.SignUpPageTest - Browser got launched
19:43:28.088 [main] DEBUG com.TestCases.SignUpPageTest - Navigated to application URL
19:43:29.259 [main] INFO  com.TestCases.SignUpPageTest - ****************************** Starting Test Case verifyCRMLogo *****************************************
19:45:12.451 [main] INFO  com.TestCases.SignUpPageTest - ****************************** Browser is launched *****************************************
19:45:12.459 [main] DEBUG com.TestCases.SignUpPageTest - Browser got launched
19:45:16.533 [main] DEBUG com.TestCases.SignUpPageTest - Navigated to application URL
19:45:17.687 [main] INFO  com.TestCases.SignUpPageTest - ****************************** Starting Test Case verifyCRMLogo *****************************************
19:45:56.069 [main] INFO  com.TestCases.SignUpPageTest - ****************************** Browser is launched *****************************************
19:45:56.074 [main] DEBUG com.TestCases.SignUpPageTest - Browser got launched
19:45:58.817 [main] DEBUG com.TestCases.SignUpPageTest - Navigated to application URL
19:45:59.980 [main] INFO  com.TestCases.SignUpPageTest - ****************************** Starting Test Case verifyCRMLogo *****************************************
