13 Feb 2021 15:44:01,782 main - Using Log4J as the default logging framework
13 Feb 2021 15:44:01,785 main - -Dio.netty.leakDetection.level: simple
13 Feb 2021 15:44:01,785 main - -Dio.netty.leakDetection.targetRecords: 4
13 Feb 2021 15:44:01,788 main - Loaded default ResourceLeakDetector: io.netty.util.ResourceLeakDetector@1b1426f4
13 Feb 2021 15:44:01,802 main - Platform: MacOS
13 Feb 2021 15:44:01,803 main - -Dio.netty.noUnsafe: false
13 Feb 2021 15:44:01,803 main - Java version: 8
13 Feb 2021 15:44:01,804 main - sun.misc.Unsafe.theUnsafe: available
13 Feb 2021 15:44:01,804 main - sun.misc.Unsafe.copyMemory: available
13 Feb 2021 15:44:01,805 main - java.nio.Buffer.address: available
13 Feb 2021 15:44:01,805 main - direct buffer constructor: available
13 Feb 2021 15:44:01,806 main - java.nio.Bits.unaligned: available, true
13 Feb 2021 15:44:01,806 main - jdk.internal.misc.Unsafe.allocateUninitializedArray(int): unavailable prior to Java9
13 Feb 2021 15:44:01,806 main - java.nio.DirectByteBuffer.<init>(long, int): available
13 Feb 2021 15:44:01,806 main - sun.misc.Unsafe: available
13 Feb 2021 15:44:01,806 main - -Dio.netty.tmpdir: /var/folders/_s/grkxq_lj10v_tqx8jd_71sl80000gn/T (java.io.tmpdir)
13 Feb 2021 15:44:01,806 main - -Dio.netty.bitMode: 64 (sun.arch.data.model)
13 Feb 2021 15:44:01,807 main - -Dio.netty.maxDirectMemory: 3817865216 bytes
13 Feb 2021 15:44:01,807 main - -Dio.netty.uninitializedArrayAllocationThreshold: -1
13 Feb 2021 15:44:01,807 main - java.nio.ByteBuffer.cleaner(): available
13 Feb 2021 15:44:01,807 main - -Dio.netty.noPreferDirect: false
13 Feb 2021 15:44:01,814 main - org.jctools-core.MpscChunkedArrayQueue: available
13 Feb 2021 15:44:01,828 main - -Dio.netty.threadLocalMap.stringBuilder.initialSize: 1024
13 Feb 2021 15:44:01,828 main - -Dio.netty.threadLocalMap.stringBuilder.maxSize: 4096
13 Feb 2021 15:44:01,851 main - Default protocols (JDK): [TLSv1.2, TLSv1.1, TLSv1] 
13 Feb 2021 15:44:01,851 main - Default cipher suites (JDK): [TLS_ECDHE_ECDSA_WITH_AES_256_GCM_SHA384, TLS_ECDHE_ECDSA_WITH_AES_128_GCM_SHA256, TLS_ECDHE_RSA_WITH_AES_128_GCM_SHA256, TLS_ECDHE_RSA_WITH_AES_256_GCM_SHA384, TLS_ECDHE_RSA_WITH_AES_128_CBC_SHA, TLS_ECDHE_RSA_WITH_AES_256_CBC_SHA, TLS_RSA_WITH_AES_128_GCM_SHA256, TLS_RSA_WITH_AES_128_CBC_SHA, TLS_RSA_WITH_AES_256_CBC_SHA]
13 Feb 2021 15:44:01,869 main - -Dio.netty.eventLoopThreads: 24
13 Feb 2021 15:44:01,875 main - -Dio.netty.noKeySetOptimization: false
13 Feb 2021 15:44:01,875 main - -Dio.netty.selectorAutoRebuildThreshold: 512
13 Feb 2021 15:44:01,895 main - -Dio.netty.allocator.numHeapArenas: 24
13 Feb 2021 15:44:01,895 main - -Dio.netty.allocator.numDirectArenas: 24
13 Feb 2021 15:44:01,895 main - -Dio.netty.allocator.pageSize: 8192
13 Feb 2021 15:44:01,895 main - -Dio.netty.allocator.maxOrder: 11
13 Feb 2021 15:44:01,895 main - -Dio.netty.allocator.chunkSize: 16777216
13 Feb 2021 15:44:01,895 main - -Dio.netty.allocator.smallCacheSize: 256
13 Feb 2021 15:44:01,895 main - -Dio.netty.allocator.normalCacheSize: 64
13 Feb 2021 15:44:01,896 main - -Dio.netty.allocator.maxCachedBufferCapacity: 32768
13 Feb 2021 15:44:01,896 main - -Dio.netty.allocator.cacheTrimInterval: 8192
13 Feb 2021 15:44:01,896 main - -Dio.netty.allocator.cacheTrimIntervalMillis: 0
13 Feb 2021 15:44:01,896 main - -Dio.netty.allocator.useCacheForAllThreads: true
13 Feb 2021 15:44:01,896 main - -Dio.netty.allocator.maxCachedByteBuffersPerChunk: 1023
13 Feb 2021 15:44:01,904 main - -Dio.netty.allocator.type: pooled
13 Feb 2021 15:44:01,904 main - -Dio.netty.threadLocalDirectBufferSize: 0
13 Feb 2021 15:44:01,904 main - -Dio.netty.maxThreadLocalCharBufferSize: 16384
13 Feb 2021 15:44:02,169 Forwarding newSession on session null to remote - -Dio.netty.processId: 12214 (auto-detected)
13 Feb 2021 15:44:02,171 Forwarding newSession on session null to remote - -Djava.net.preferIPv4Stack: false
13 Feb 2021 15:44:02,171 Forwarding newSession on session null to remote - -Djava.net.preferIPv6Addresses: false
13 Feb 2021 15:44:02,172 Forwarding newSession on session null to remote - Loopback interface: lo0 (lo0, 0:0:0:0:0:0:0:1%lo0)
13 Feb 2021 15:44:02,172 Forwarding newSession on session null to remote - Failed to get SOMAXCONN from sysctl and file /proc/sys/net/core/somaxconn. Default: 128
13 Feb 2021 15:44:02,174 Forwarding newSession on session null to remote - -Dio.netty.machineId: ac:de:48:ff:fe:00:11:22 (auto-detected)
13 Feb 2021 15:44:02,240 AsyncHttpClient-1-2 - -Dio.netty.buffer.checkAccessible: true
13 Feb 2021 15:44:02,240 AsyncHttpClient-1-2 - -Dio.netty.buffer.checkBounds: true
13 Feb 2021 15:44:02,240 AsyncHttpClient-1-2 - Loaded default ResourceLeakDetector: io.netty.util.ResourceLeakDetector@9cd4878
13 Feb 2021 15:44:02,256 AsyncHttpClient-1-2 - -Dio.netty.recycler.maxCapacityPerThread: 4096
13 Feb 2021 15:44:02,256 AsyncHttpClient-1-2 - -Dio.netty.recycler.maxSharedCapacityFactor: 2
13 Feb 2021 15:44:02,256 AsyncHttpClient-1-2 - -Dio.netty.recycler.linkCapacity: 16
13 Feb 2021 15:44:02,256 AsyncHttpClient-1-2 - -Dio.netty.recycler.ratio: 8
13 Feb 2021 15:44:02,256 AsyncHttpClient-1-2 - -Dio.netty.recycler.delayedQueue.ratio: 8
13 Feb 2021 15:44:03,613 main - -Dio.netty.initialSeedUniquifier: 0x3627c2eb567e6930
